{"level":"ERROR","location":"[get_call:146] fyersModel","message":{"API":"/history","Error":{"code":-16,"message":"Could not authenticate the user","s":"error"}},"timestamp":"2025-07-01 11:24:41,757+0530","service":"FyersAPI","taskName":"Task-11"}
{"level":"ERROR","location":"[get_call:146] fyersModel","message":{"API":"/history","Error":{"code":-16,"message":"Could not authenticate the user","s":"error"}},"timestamp":"2025-07-01 12:15:10,056+0530","service":"FyersAPI"}
{"level":"ERROR","location":"[get_call:146] fyersModel","message":{"API":"/history","Error":{"code":-16,"message":"Could not authenticate the user","s":"error"}},"timestamp":"2025-07-01 12:42:51,777+0530","service":"FyersAPI"}
{"level":"ERROR","location":"[get_call:146] fyersModel","message":{"API":"/history","Error":{"code":-16,"message":"Could not authenticate the user","s":"error"}},"timestamp":"2025-07-01 15:49:23,947+0530","service":"FyersAPI","taskName":"Task-6"}
{"level":"ERROR","location":"[get_call:146] fyersModel","message":{"API":"/quotes","Error":{"message":"Please provide valid token","code":-15,"s":"error"}},"timestamp":"2025-07-01 15:50:06,377+0530","service":"FyersAPI","taskName":"Task-8"}
{"level":"ERROR","location":"[get_call:146] fyersModel","message":{"API":"/history","Error":{"code":-16,"message":"Could not authenticate the user","s":"error"}},"timestamp":"2025-07-01 16:00:26,856+0530","service":"FyersAPI","taskName":"Task-5"}
{"level":"ERROR","location":"[get_call:146] fyersModel","message":{"API":"/history","Error":{"code":-16,"message":"Could not authenticate the user","s":"error"}},"timestamp":"2025-07-08 10:42:56,021+0530","service":"FyersAPI","taskName":"Task-9"}
{"level":"ERROR","location":"[post_call:89] fyersModel","message":{"API":"/orders/sync","Error":{"code":-50,"message":"stopLoss does not match: 0","s":"error"}},"timestamp":"2025-07-08 13:40:34,446+0530","service":"FyersAPI"}
{"level":"ERROR","location":"[get_call:146] fyersModel","message":{"API":"/history","Error":{"code":-300,"message":"Invalid symbol provided","s":"error"}},"timestamp":"2025-07-09 11:13:12,209+0530","service":"FyersAPI","taskName":"Task-12"}
{"level":"ERROR","location":"[get_call:146] fyersModel","message":{"API":"/history","Error":{"code":-16,"message":"Could not authenticate the user","s":"error"}},"timestamp":"2025-07-11 12:50:06,362+0530","service":"FyersAPI","taskName":"Task-8"}
{"level":"ERROR","location":"[get_call:146] fyersModel","message":{"API":"/history","Error":{"code":-16,"message":"Could not authenticate the user","s":"error"}},"timestamp":"2025-07-11 12:50:06,743+0530","service":"FyersAPI","taskName":"Task-8"}
{"level":"ERROR","location":"[get_call:146] fyersModel","message":{"API":"/history","Error":{"code":-16,"message":"Could not authenticate the user","s":"error"}},"timestamp":"2025-07-11 13:24:51,727+0530","service":"FyersAPI","taskName":"Task-5"}
{"level":"ERROR","location":"[get_call:146] fyersModel","message":{"API":"/history","Error":{"code":-16,"message":"Could not authenticate the user","s":"error"}},"timestamp":"2025-07-11 13:24:55,142+0530","service":"FyersAPI","taskName":"Task-6"}
{"level":"ERROR","location":"[get_call:146] fyersModel","message":{"API":"/history","Error":{"code":-16,"message":"Could not authenticate the user","s":"error"}},"timestamp":"2025-07-11 13:27:09,684+0530","service":"FyersAPI","taskName":"Task-5"}
{"level":"ERROR","location":"[get_call:146] fyersModel","message":{"API":"/history","Error":{"code":-16,"message":"Could not authenticate the user","s":"error"}},"timestamp":"2025-07-11 13:27:13,436+0530","service":"FyersAPI","taskName":"Task-6"}
{"level":"ERROR","location":"[get_call:146] fyersModel","message":{"API":"/history","Error":{"code":-16,"message":"Could not authenticate the user","s":"error"}},"timestamp":"2025-07-11 13:28:03,936+0530","service":"FyersAPI","taskName":"Task-9"}
{"level":"ERROR","location":"[get_call:146] fyersModel","message":{"API":"/history","Error":{"code":-16,"message":"Could not authenticate the user","s":"error"}},"timestamp":"2025-07-11 13:33:50,090+0530","service":"FyersAPI","taskName":"Task-8"}
{"level":"ERROR","location":"[get_call:146] fyersModel","message":{"API":"/history","Error":{"code":-16,"message":"Could not authenticate the user","s":"error"}},"timestamp":"2025-07-11 13:33:54,402+0530","service":"FyersAPI","taskName":"Task-9"}
{"level":"ERROR","location":"[get_call:146] fyersModel","message":{"API":"/history","Error":{"code":-16,"message":"Could not authenticate the user","s":"error"}},"timestamp":"2025-07-11 13:46:22,668+0530","service":"FyersAPI","taskName":"Task-7"}
{"level":"ERROR","location":"[get_call:146] fyersModel","message":{"API":"/history","Error":{"code":-16,"message":"Could not authenticate the user","s":"error"}},"timestamp":"2025-07-11 13:49:21,284+0530","service":"FyersAPI","taskName":"Task-11"}
{"level":"ERROR","location":"[get_call:146] fyersModel","message":{"API":"/history","Error":{"code":-16,"message":"Could not authenticate the user","s":"error"}},"timestamp":"2025-07-11 13:49:26,534+0530","service":"FyersAPI","taskName":"Task-12"}
{"level":"ERROR","location":"[get_call:146] fyersModel","message":{"API":"/history","Error":{"code":-16,"message":"Could not authenticate the user","s":"error"}},"timestamp":"2025-07-11 13:53:49,741+0530","service":"FyersAPI","taskName":"Task-7"}
{"level":"ERROR","location":"[get_call:146] fyersModel","message":{"API":"/history","Error":{"code":-16,"message":"Could not authenticate the user","s":"error"}},"timestamp":"2025-07-11 13:53:54,342+0530","service":"FyersAPI","taskName":"Task-8"}
{"level":"ERROR","location":"[get_call:146] fyersModel","message":{"API":"/profile","Error":{"s":"error","code":-8,"message":"Your token has expired. Please generate a token"}},"timestamp":"2025-07-11 13:56:19,814+0530","service":"FyersAPI","taskName":"Task-1"}
{"level":"ERROR","location":"[get_call:146] fyersModel","message":{"API":"/profile","Error":{"s":"error","code":-8,"message":"Your token has expired. Please generate a token"}},"timestamp":"2025-07-11 13:56:34,963+0530","service":"FyersAPI","taskName":"Task-1"}
{"level":"ERROR","location":"[get_call:146] fyersModel","message":{"API":"/profile","Error":{"s":"error","code":-8,"message":"Your token has expired. Please generate a token"}},"timestamp":"2025-07-11 13:56:47,787+0530","service":"FyersAPI","taskName":"Task-1"}
{"level":"ERROR","location":"[get_call:146] fyersModel","message":{"API":"/history","Error":{"code":-16,"message":"Could not authenticate the user","s":"error"}},"timestamp":"2025-07-11 13:57:07,726+0530","service":"FyersAPI","taskName":"Task-5"}
{"level":"ERROR","location":"[get_call:146] fyersModel","message":{"API":"/profile","Error":{"s":"error","code":-8,"message":"Your token has expired. Please generate a token"}},"timestamp":"2025-07-11 14:00:20,348+0530","service":"FyersAPI","taskName":"Task-1"}
{"level":"ERROR","location":"[get_call:146] fyersModel","message":{"API":"/history","Error":{"code":-16,"message":"Could not authenticate the user","s":"error"}},"timestamp":"2025-07-11 14:01:45,516+0530","service":"FyersAPI","taskName":"Task-6"}
{"level":"ERROR","location":"[get_call:146] fyersModel","message":{"API":"/history","Error":{"code":-16,"message":"Could not authenticate the user","s":"error"}},"timestamp":"2025-07-11 14:01:45,864+0530","service":"FyersAPI","taskName":"Task-6"}
{"level":"ERROR","location":"[get_call:146] fyersModel","message":{"API":"/profile","Error":{"s":"error","code":-8,"message":"Your token has expired. Please generate a token"}},"timestamp":"2025-07-11 14:01:53,497+0530","service":"FyersAPI","taskName":"Task-1"}
{"level":"ERROR","location":"[get_call:146] fyersModel","message":{"API":"/profile","Error":{"s":"error","code":-8,"message":"Your token has expired. Please generate a token"}},"timestamp":"2025-07-11 14:04:20,473+0530","service":"FyersAPI","taskName":"Task-1"}
{"level":"ERROR","location":"[get_call:146] fyersModel","message":{"API":"/profile","Error":{"s":"error","code":-8,"message":"Your token has expired. Please generate a token"}},"timestamp":"2025-07-11 14:34:39,597+0530","service":"FyersAPI","taskName":"Task-1"}
{"level":"ERROR","location":"[get_call:146] fyersModel","message":{"API":"/profile","Error":{"s":"error","code":-8,"message":"Your token has expired. Please generate a token"}},"timestamp":"2025-07-11 14:38:59,955+0530","service":"FyersAPI","taskName":"Task-1"}
{"level":"ERROR","location":"[get_call:146] fyersModel","message":{"API":"/profile","Error":{"s":"error","code":-8,"message":"Your token has expired. Please generate a token"}},"timestamp":"2025-07-11 14:41:50,003+0530","service":"FyersAPI","taskName":"Task-1"}
{"level":"ERROR","location":"[get_call:164] fyersModel","message":{"API":"/profile","error":"HTTPSConnectionPool(host='api-t1.fyers.in', port=443): Max retries exceeded with url: /api/v3/profile (Caused by NewConnectionError('<urllib3.connection.HTTPSConnection object at 0x0000013AFFB82810>: Failed to establish a new connection: [Errno 11001] getaddrinfo failed'))"},"timestamp":"2025-07-11 14:44:01,438+0530","service":"FyersAPI","taskName":"Task-1"}
{"level":"ERROR","location":"[get_call:164] fyersModel","message":{"API":"/profile","error":"HTTPSConnectionPool(host='api-t1.fyers.in', port=443): Max retries exceeded with url: /api/v3/profile (Caused by NewConnectionError('<urllib3.connection.HTTPSConnection object at 0x0000028046091520>: Failed to establish a new connection: [Errno 11001] getaddrinfo failed'))"},"timestamp":"2025-07-11 14:44:10,579+0530","service":"FyersAPI","taskName":"Task-1"}
{"level":"ERROR","location":"[get_call:146] fyersModel","message":{"API":"/profile","Error":{"s":"error","code":-8,"message":"Your token has expired. Please generate a token"}},"timestamp":"2025-07-11 14:50:17,897+0530","service":"FyersAPI"}
{"level":"ERROR","location":"[get_call:146] fyersModel","message":{"API":"/history","Error":{"code":-16,"message":"Could not authenticate the user","s":"error"}},"timestamp":"2025-07-11 14:52:48,957+0530","service":"FyersAPI"}
{"level":"ERROR","location":"[get_call:146] fyersModel","message":{"API":"/history","Error":{"code":-16,"message":"Could not authenticate the user","s":"error"}},"timestamp":"2025-07-11 14:54:07,435+0530","service":"FyersAPI"}
{"level":"ERROR","location":"[get_call:146] fyersModel","message":{"API":"/profile","Error":{"s":"error","code":-8,"message":"Your token has expired. Please generate a token"}},"timestamp":"2025-07-11 14:54:29,845+0530","service":"FyersAPI"}
{"level":"ERROR","location":"[get_call:146] fyersModel","message":{"API":"/profile","Error":{"s":"error","code":-8,"message":"Your token has expired. Please generate a token"}},"timestamp":"2025-07-11 14:56:29,219+0530","service":"FyersAPI"}
{"level":"ERROR","location":"[get_call:146] fyersModel","message":{"API":"/profile","Error":{"s":"error","code":-8,"message":"Your token has expired. Please generate a token"}},"timestamp":"2025-07-11 14:56:43,976+0530","service":"FyersAPI"}
{"level":"ERROR","location":"[get_call:146] fyersModel","message":{"API":"/profile","Error":{"s":"error","code":-8,"message":"Your token has expired. Please generate a token"}},"timestamp":"2025-07-11 14:58:46,316+0530","service":"FyersAPI"}
{"level":"ERROR","location":"[get_call:146] fyersModel","message":{"API":"/profile","Error":{"s":"error","code":-8,"message":"Your token has expired. Please generate a token"}},"timestamp":"2025-07-11 15:03:28,859+0530","service":"FyersAPI"}
{"level":"ERROR","location":"[get_call:146] fyersModel","message":{"API":"/profile","Error":{"s":"error","code":-8,"message":"Your token has expired. Please generate a token"}},"timestamp":"2025-07-11 15:06:57,754+0530","service":"FyersAPI"}
{"level":"ERROR","location":"[get_call:146] fyersModel","message":{"API":"/profile","Error":{"s":"error","code":-8,"message":"Your token has expired. Please generate a token"}},"timestamp":"2025-07-11 15:10:08,647+0530","service":"FyersAPI"}
{"level":"ERROR","location":"[get_call:146] fyersModel","message":{"API":"/profile","Error":{"s":"error","code":-8,"message":"Your token has expired. Please generate a token"}},"timestamp":"2025-07-13 00:27:02,174+0530","service":"FyersAPI"}
{"level":"ERROR","location":"[get_call:146] fyersModel","message":{"API":"/quotes","Error":{"message":"Please provide valid token","code":-15,"s":"error"}},"timestamp":"2025-07-13 00:27:02,977+0530","service":"FyersAPI"}
{"level":"ERROR","location":"[get_call:146] fyersModel","message":{"API":"/quotes","Error":{"message":"Please provide valid token","code":-15,"s":"error"}},"timestamp":"2025-07-13 00:27:13,811+0530","service":"FyersAPI"}
{"level":"ERROR","location":"[get_call:146] fyersModel","message":{"API":"/quotes","Error":{"message":"Please provide valid token","code":-15,"s":"error"}},"timestamp":"2025-07-13 00:27:24,570+0530","service":"FyersAPI"}
{"level":"ERROR","location":"[get_call:146] fyersModel","message":{"API":"/quotes","Error":{"message":"Please provide valid token","code":-15,"s":"error"}},"timestamp":"2025-07-13 00:27:35,319+0530","service":"FyersAPI"}
{"level":"ERROR","location":"[get_call:146] fyersModel","message":{"API":"/quotes","Error":{"message":"Please provide valid token","code":-15,"s":"error"}},"timestamp":"2025-07-13 00:27:46,096+0530","service":"FyersAPI"}
{"level":"ERROR","location":"[get_call:146] fyersModel","message":{"API":"/quotes","Error":{"message":"Please provide valid token","code":-15,"s":"error"}},"timestamp":"2025-07-13 00:27:56,845+0530","service":"FyersAPI"}
{"level":"ERROR","location":"[get_call:146] fyersModel","message":{"API":"/quotes","Error":{"message":"Please provide valid token","code":-15,"s":"error"}},"timestamp":"2025-07-13 00:28:07,615+0530","service":"FyersAPI"}
{"level":"ERROR","location":"[get_call:146] fyersModel","message":{"API":"/quotes","Error":{"message":"Please provide valid token","code":-15,"s":"error"}},"timestamp":"2025-07-13 00:28:18,407+0530","service":"FyersAPI"}
{"level":"ERROR","location":"[get_call:146] fyersModel","message":{"API":"/quotes","Error":{"message":"Please provide valid token","code":-15,"s":"error"}},"timestamp":"2025-07-13 00:28:29,196+0530","service":"FyersAPI"}
{"level":"ERROR","location":"[get_call:146] fyersModel","message":{"API":"/quotes","Error":{"message":"Please provide valid token","code":-15,"s":"error"}},"timestamp":"2025-07-13 00:28:39,951+0530","service":"FyersAPI"}
{"level":"ERROR","location":"[get_call:146] fyersModel","message":{"API":"/quotes","Error":{"message":"Please provide valid token","code":-15,"s":"error"}},"timestamp":"2025-07-13 00:28:50,828+0530","service":"FyersAPI"}
{"level":"ERROR","location":"[get_call:146] fyersModel","message":{"API":"/quotes","Error":{"message":"Please provide valid token","code":-15,"s":"error"}},"timestamp":"2025-07-13 00:29:01,630+0530","service":"FyersAPI"}
{"level":"ERROR","location":"[get_call:146] fyersModel","message":{"API":"/orders","Error":{"code":-16,"message":"Could not authenticate the user","s":"error"}},"timestamp":"2025-07-13 12:39:33,001+0530","service":"FyersAPI"}
{"level":"ERROR","location":"[get_call:146] fyersModel","message":{"API":"/orders","Error":{"code":-16,"message":"Could not authenticate the user","s":"error"}},"timestamp":"2025-07-13 12:39:43,360+0530","service":"FyersAPI"}
{"level":"ERROR","location":"[get_call:146] fyersModel","message":{"API":"/orders","Error":{"code":-16,"message":"Could not authenticate the user","s":"error"}},"timestamp":"2025-07-13 12:39:53,722+0530","service":"FyersAPI"}
{"level":"ERROR","location":"[get_call:146] fyersModel","message":{"API":"/orders","Error":{"code":-16,"message":"Could not authenticate the user","s":"error"}},"timestamp":"2025-07-13 12:40:04,059+0530","service":"FyersAPI"}
{"level":"ERROR","location":"[get_call:146] fyersModel","message":{"API":"/orders","Error":{"code":-16,"message":"Could not authenticate the user","s":"error"}},"timestamp":"2025-07-13 12:40:14,398+0530","service":"FyersAPI"}
{"level":"ERROR","location":"[get_call:146] fyersModel","message":{"API":"/orders","Error":{"code":-16,"message":"Could not authenticate the user","s":"error"}},"timestamp":"2025-07-13 12:40:24,739+0530","service":"FyersAPI"}
{"level":"ERROR","location":"[get_call:146] fyersModel","message":{"API":"/orders","Error":{"code":-16,"message":"Could not authenticate the user","s":"error"}},"timestamp":"2025-07-13 12:40:35,090+0530","service":"FyersAPI"}
{"level":"ERROR","location":"[get_call:146] fyersModel","message":{"API":"/orders","Error":{"code":-16,"message":"Could not authenticate the user","s":"error"}},"timestamp":"2025-07-13 12:40:45,474+0530","service":"FyersAPI"}
{"level":"ERROR","location":"[get_call:146] fyersModel","message":{"API":"/orders","Error":{"code":-16,"message":"Could not authenticate the user","s":"error"}},"timestamp":"2025-07-13 12:40:55,810+0530","service":"FyersAPI"}
{"level":"ERROR","location":"[get_call:146] fyersModel","message":{"API":"/orders","Error":{"code":-16,"message":"Could not authenticate the user","s":"error"}},"timestamp":"2025-07-13 12:41:06,155+0530","service":"FyersAPI"}
{"level":"ERROR","location":"[get_call:146] fyersModel","message":{"API":"/orders","Error":{"code":-16,"message":"Could not authenticate the user","s":"error"}},"timestamp":"2025-07-13 12:41:16,521+0530","service":"FyersAPI"}
{"level":"ERROR","location":"[get_call:146] fyersModel","message":{"API":"/orders","Error":{"code":-16,"message":"Could not authenticate the user","s":"error"}},"timestamp":"2025-07-13 12:41:26,881+0530","service":"FyersAPI"}
{"level":"ERROR","location":"[get_call:146] fyersModel","message":{"API":"/orders","Error":{"code":-16,"message":"Could not authenticate the user","s":"error"}},"timestamp":"2025-07-14 09:49:21,149+0530","service":"FyersAPI"}
{"level":"ERROR","location":"[get_call:146] fyersModel","message":{"API":"/orders","Error":{"code":-16,"message":"Could not authenticate the user","s":"error"}},"timestamp":"2025-07-14 09:49:31,947+0530","service":"FyersAPI"}
{"level":"ERROR","location":"[get_call:164] fyersModel","message":{"API":"/profile","error":"HTTPSConnectionPool(host='api-t1.fyers.in', port=443): Max retries exceeded with url: /api/v3/profile (Caused by NewConnectionError('<urllib3.connection.HTTPSConnection object at 0x000001DA5D0CE390>: Failed to establish a new connection: [Errno 11001] getaddrinfo failed'))"},"timestamp":"2025-07-14 11:49:14,408+0530","service":"FyersAPI","taskName":"Task-1"}
{"level":"ERROR","location":"[get_call:164] fyersModel","message":{"API":"/profile","error":"HTTPSConnectionPool(host='api-t1.fyers.in', port=443): Max retries exceeded with url: /api/v3/profile (Caused by NewConnectionError('<urllib3.connection.HTTPSConnection object at 0x000002948F1120C0>: Failed to establish a new connection: [Errno 11001] getaddrinfo failed'))"},"timestamp":"2025-07-14 12:10:04,478+0530","service":"FyersAPI","taskName":"Task-1"}
{"level":"ERROR","location":"[get_call:164] fyersModel","message":{"API":"/profile","error":"HTTPSConnectionPool(host='api-t1.fyers.in', port=443): Max retries exceeded with url: /api/v3/profile (Caused by NewConnectionError('<urllib3.connection.HTTPSConnection object at 0x0000029491BB1E20>: Failed to establish a new connection: [Errno 11001] getaddrinfo failed'))"},"timestamp":"2025-07-14 15:12:33,917+0530","service":"FyersAPI","taskName":"Task-1"}
