{"level":"DEBUG","location":"[get_call:140] fyersModel","message":{"Status Code":401,"API":"/history"},"timestamp":"2025-07-01 11:24:41,756+0530","service":"FyersAPIRequest","taskName":"Task-11"}
{"level":"DEBUG","location":"[get_call:140] fyersModel","message":{"Status Code":401,"API":"/history"},"timestamp":"2025-07-01 12:15:10,056+0530","service":"FyersAPIRequest"}
{"level":"DEBUG","location":"[get_call:140] fyersModel","message":{"Status Code":401,"API":"/history"},"timestamp":"2025-07-01 12:42:51,777+0530","service":"FyersAPIRequest"}
{"level":"DEBUG","location":"[get_call:140] fyersModel","message":{"Status Code":401,"API":"/history"},"timestamp":"2025-07-01 15:49:23,947+0530","service":"FyersAPIRequest","taskName":"Task-6"}
{"level":"DEBUG","location":"[get_call:140] fyersModel","message":{"Status Code":401,"API":"/quotes"},"timestamp":"2025-07-01 15:50:06,377+0530","service":"FyersAPIRequest","taskName":"Task-8"}
{"level":"DEBUG","location":"[get_call:140] fyersModel","message":{"Status Code":401,"API":"/history"},"timestamp":"2025-07-01 16:00:26,854+0530","service":"FyersAPIRequest","taskName":"Task-5"}
{"level":"DEBUG","location":"[get_call:140] fyersModel","message":{"Status Code":401,"API":"/history"},"timestamp":"2025-07-08 10:42:56,014+0530","service":"FyersAPIRequest","taskName":"Task-9"}
{"level":"DEBUG","location":"[get_call:140] fyersModel","message":{"Status Code":200,"API":"/depth"},"timestamp":"2025-07-08 10:55:00,828+0530","service":"FyersAPIRequest","taskName":"Task-7"}
{"level":"DEBUG","location":"[post_call:81] fyersModel","message":{"Status Code":200,"API":"/orders/sync"},"timestamp":"2025-07-08 11:04:21,564+0530","service":"FyersAPIRequest"}
{"level":"DEBUG","location":"[post_call:81] fyersModel","message":{"Status Code":400,"API":"/orders/sync"},"timestamp":"2025-07-08 13:40:34,435+0530","service":"FyersAPIRequest"}
{"level":"DEBUG","location":"[post_call:81] fyersModel","message":{"Status Code":200,"API":"/orders/sync"},"timestamp":"2025-07-08 14:22:27,310+0530","service":"FyersAPIRequest"}
{"level":"DEBUG","location":"[get_call:140] fyersModel","message":{"Status Code":200,"API":"/history"},"timestamp":"2025-07-09 11:11:13,165+0530","service":"FyersAPIRequest","taskName":"Task-10"}
{"level":"DEBUG","location":"[get_call:140] fyersModel","message":{"Status Code":422,"API":"/history"},"timestamp":"2025-07-09 11:13:12,209+0530","service":"FyersAPIRequest","taskName":"Task-12"}
{"level":"DEBUG","location":"[get_call:140] fyersModel","message":{"Status Code":200,"API":"/history"},"timestamp":"2025-07-09 12:11:59,644+0530","service":"FyersAPIRequest","taskName":"Task-7"}
{"level":"DEBUG","location":"[get_call:140] fyersModel","message":{"Status Code":200,"API":"/history"},"timestamp":"2025-07-09 12:13:54,845+0530","service":"FyersAPIRequest","taskName":"Task-10"}
{"level":"DEBUG","location":"[get_call:140] fyersModel","message":{"Status Code":200,"API":"/history"},"timestamp":"2025-07-09 12:43:10,014+0530","service":"FyersAPIRequest","taskName":"Task-7"}
{"level":"DEBUG","location":"[get_call:140] fyersModel","message":{"Status Code":401,"API":"/history"},"timestamp":"2025-07-11 12:50:06,361+0530","service":"FyersAPIRequest","taskName":"Task-8"}
{"level":"DEBUG","location":"[get_call:140] fyersModel","message":{"Status Code":401,"API":"/history"},"timestamp":"2025-07-11 12:50:06,743+0530","service":"FyersAPIRequest","taskName":"Task-8"}
{"level":"DEBUG","location":"[get_call:140] fyersModel","message":{"Status Code":401,"API":"/history"},"timestamp":"2025-07-11 13:24:51,727+0530","service":"FyersAPIRequest","taskName":"Task-5"}
{"level":"DEBUG","location":"[get_call:140] fyersModel","message":{"Status Code":401,"API":"/history"},"timestamp":"2025-07-11 13:24:55,142+0530","service":"FyersAPIRequest","taskName":"Task-6"}
{"level":"DEBUG","location":"[get_call:140] fyersModel","message":{"Status Code":401,"API":"/history"},"timestamp":"2025-07-11 13:27:09,684+0530","service":"FyersAPIRequest","taskName":"Task-5"}
{"level":"DEBUG","location":"[get_call:140] fyersModel","message":{"Status Code":401,"API":"/history"},"timestamp":"2025-07-11 13:27:13,425+0530","service":"FyersAPIRequest","taskName":"Task-6"}
{"level":"DEBUG","location":"[get_call:140] fyersModel","message":{"Status Code":401,"API":"/history"},"timestamp":"2025-07-11 13:28:03,936+0530","service":"FyersAPIRequest","taskName":"Task-9"}
{"level":"DEBUG","location":"[get_call:140] fyersModel","message":{"Status Code":401,"API":"/history"},"timestamp":"2025-07-11 13:33:50,090+0530","service":"FyersAPIRequest","taskName":"Task-8"}
{"level":"DEBUG","location":"[get_call:140] fyersModel","message":{"Status Code":401,"API":"/history"},"timestamp":"2025-07-11 13:33:54,402+0530","service":"FyersAPIRequest","taskName":"Task-9"}
{"level":"DEBUG","location":"[get_call:140] fyersModel","message":{"Status Code":401,"API":"/history"},"timestamp":"2025-07-11 13:46:22,668+0530","service":"FyersAPIRequest","taskName":"Task-7"}
{"level":"DEBUG","location":"[get_call:140] fyersModel","message":{"Status Code":401,"API":"/history"},"timestamp":"2025-07-11 13:49:21,284+0530","service":"FyersAPIRequest","taskName":"Task-11"}
{"level":"DEBUG","location":"[get_call:140] fyersModel","message":{"Status Code":401,"API":"/history"},"timestamp":"2025-07-11 13:49:26,534+0530","service":"FyersAPIRequest","taskName":"Task-12"}
{"level":"DEBUG","location":"[get_call:140] fyersModel","message":{"Status Code":401,"API":"/history"},"timestamp":"2025-07-11 13:53:49,741+0530","service":"FyersAPIRequest","taskName":"Task-7"}
{"level":"DEBUG","location":"[get_call:140] fyersModel","message":{"Status Code":401,"API":"/history"},"timestamp":"2025-07-11 13:53:54,342+0530","service":"FyersAPIRequest","taskName":"Task-8"}
{"level":"DEBUG","location":"[get_call:140] fyersModel","message":{"Status Code":401,"API":"/profile"},"timestamp":"2025-07-11 13:56:19,814+0530","service":"FyersAPIRequest","taskName":"Task-1"}
{"level":"DEBUG","location":"[get_call:140] fyersModel","message":{"Status Code":401,"API":"/profile"},"timestamp":"2025-07-11 13:56:34,963+0530","service":"FyersAPIRequest","taskName":"Task-1"}
{"level":"DEBUG","location":"[get_call:140] fyersModel","message":{"Status Code":401,"API":"/profile"},"timestamp":"2025-07-11 13:56:47,787+0530","service":"FyersAPIRequest","taskName":"Task-1"}
{"level":"DEBUG","location":"[get_call:140] fyersModel","message":{"Status Code":401,"API":"/history"},"timestamp":"2025-07-11 13:57:07,726+0530","service":"FyersAPIRequest","taskName":"Task-5"}
{"level":"DEBUG","location":"[get_call:140] fyersModel","message":{"Status Code":401,"API":"/profile"},"timestamp":"2025-07-11 14:00:20,348+0530","service":"FyersAPIRequest","taskName":"Task-1"}
{"level":"DEBUG","location":"[get_call:140] fyersModel","message":{"Status Code":401,"API":"/history"},"timestamp":"2025-07-11 14:01:45,516+0530","service":"FyersAPIRequest","taskName":"Task-6"}
{"level":"DEBUG","location":"[get_call:140] fyersModel","message":{"Status Code":401,"API":"/history"},"timestamp":"2025-07-11 14:01:45,864+0530","service":"FyersAPIRequest","taskName":"Task-6"}
{"level":"DEBUG","location":"[get_call:140] fyersModel","message":{"Status Code":401,"API":"/profile"},"timestamp":"2025-07-11 14:01:53,496+0530","service":"FyersAPIRequest","taskName":"Task-1"}
{"level":"DEBUG","location":"[get_call:140] fyersModel","message":{"Status Code":401,"API":"/profile"},"timestamp":"2025-07-11 14:04:20,473+0530","service":"FyersAPIRequest","taskName":"Task-1"}
{"level":"DEBUG","location":"[get_call:140] fyersModel","message":{"Status Code":401,"API":"/profile"},"timestamp":"2025-07-11 14:34:39,597+0530","service":"FyersAPIRequest","taskName":"Task-1"}
{"level":"DEBUG","location":"[get_call:140] fyersModel","message":{"Status Code":401,"API":"/profile"},"timestamp":"2025-07-11 14:38:59,955+0530","service":"FyersAPIRequest","taskName":"Task-1"}
{"level":"DEBUG","location":"[get_call:140] fyersModel","message":{"Status Code":401,"API":"/profile"},"timestamp":"2025-07-11 14:41:50,003+0530","service":"FyersAPIRequest","taskName":"Task-1"}
{"level":"DEBUG","location":"[get_call:140] fyersModel","message":{"Status Code":401,"API":"/profile"},"timestamp":"2025-07-11 14:50:17,895+0530","service":"FyersAPIRequest"}
{"level":"DEBUG","location":"[get_call:140] fyersModel","message":{"Status Code":401,"API":"/history"},"timestamp":"2025-07-11 14:52:48,957+0530","service":"FyersAPIRequest"}
{"level":"DEBUG","location":"[get_call:140] fyersModel","message":{"Status Code":401,"API":"/history"},"timestamp":"2025-07-11 14:54:07,433+0530","service":"FyersAPIRequest"}
{"level":"DEBUG","location":"[get_call:140] fyersModel","message":{"Status Code":401,"API":"/profile"},"timestamp":"2025-07-11 14:54:29,845+0530","service":"FyersAPIRequest"}
{"level":"DEBUG","location":"[get_call:140] fyersModel","message":{"Status Code":200,"API":"/profile"},"timestamp":"2025-07-11 14:56:09,726+0530","service":"FyersAPIRequest"}
{"level":"DEBUG","location":"[get_call:140] fyersModel","message":{"Status Code":401,"API":"/profile"},"timestamp":"2025-07-11 14:56:29,219+0530","service":"FyersAPIRequest"}
{"level":"DEBUG","location":"[get_call:140] fyersModel","message":{"Status Code":401,"API":"/profile"},"timestamp":"2025-07-11 14:56:43,976+0530","service":"FyersAPIRequest"}
{"level":"DEBUG","location":"[get_call:140] fyersModel","message":{"Status Code":401,"API":"/profile"},"timestamp":"2025-07-11 14:58:46,314+0530","service":"FyersAPIRequest"}
{"level":"DEBUG","location":"[get_call:140] fyersModel","message":{"Status Code":401,"API":"/profile"},"timestamp":"2025-07-11 15:03:28,859+0530","service":"FyersAPIRequest"}
{"level":"DEBUG","location":"[get_call:140] fyersModel","message":{"Status Code":200,"API":"/profile"},"timestamp":"2025-07-11 15:04:45,941+0530","service":"FyersAPIRequest"}
{"level":"DEBUG","location":"[get_call:140] fyersModel","message":{"Status Code":401,"API":"/profile"},"timestamp":"2025-07-11 15:06:57,752+0530","service":"FyersAPIRequest"}
{"level":"DEBUG","location":"[get_call:140] fyersModel","message":{"Status Code":401,"API":"/profile"},"timestamp":"2025-07-11 15:10:08,647+0530","service":"FyersAPIRequest"}
{"level":"DEBUG","location":"[get_call:140] fyersModel","message":{"Status Code":200,"API":"/profile"},"timestamp":"2025-07-11 15:11:33,137+0530","service":"FyersAPIRequest"}
{"level":"DEBUG","location":"[get_call:140] fyersModel","message":{"Status Code":200,"API":"/profile"},"timestamp":"2025-07-11 15:12:01,914+0530","service":"FyersAPIRequest","taskName":"Task-1"}
{"level":"DEBUG","location":"[get_call:140] fyersModel","message":{"Status Code":200,"API":"/history"},"timestamp":"2025-07-11 15:12:08,563+0530","service":"FyersAPIRequest","taskName":"Task-7"}
{"level":"DEBUG","location":"[get_call:140] fyersModel","message":{"Status Code":200,"API":"/history"},"timestamp":"2025-07-11 15:12:15,474+0530","service":"FyersAPIRequest","taskName":"Task-9"}
